13:00:05 DEBUG : Logs will be stored at 'C:/Users/deoch/workspace/IDE.log'.
13:00:24 INFO  : Launching XSCT server: xsct.bat -n  -interactive C:\Users\deoch\workspace\temp_xsdb_launch_script.tcl
13:00:24 INFO  : Registering command handlers for Vitis TCF services
13:00:24 INFO  : Platform repository initialization has completed.
13:00:32 INFO  : XSCT server has started successfully.
13:00:34 INFO  : Successfully done setting XSCT server connection channel  
13:00:34 INFO  : plnx-install-location is set to ''
13:00:34 INFO  : Successfully done query RDI_DATADIR 
13:00:34 INFO  : Successfully done setting workspace for the tool. 
13:18:12 DEBUG : Logs will be stored at 'C:/Users/deoch/workspace/IDE.log'.
13:18:17 INFO  : Launching XSCT server: xsct.bat -n  -interactive C:\Users\deoch\workspace\temp_xsdb_launch_script.tcl
13:18:17 INFO  : Registering command handlers for Vitis TCF services
13:18:17 INFO  : Platform repository initialization has completed.
13:18:20 INFO  : XSCT server has started successfully.
13:18:20 INFO  : plnx-install-location is set to ''
13:18:22 INFO  : Successfully done setting XSCT server connection channel  
13:18:22 INFO  : Successfully done query RDI_DATADIR 
13:18:22 INFO  : Successfully done setting workspace for the tool. 
13:20:59 INFO  : Result from executing command 'getProjects': kv260_ispMipiRx_vcu_DP
13:20:59 INFO  : Result from executing command 'getPlatforms': xilinx_zcu102_base_202310_1|C:/Xilinx/Vitis/2023.1/base_platforms/xilinx_zcu102_base_202310_1/xilinx_zcu102_base_202310_1.xpfm;xilinx_zcu102_base_dfx_202310_1|C:/Xilinx/Vitis/2023.1/base_platforms/xilinx_zcu102_base_dfx_202310_1/xilinx_zcu102_base_dfx_202310_1.xpfm;xilinx_zcu104_base_202310_1|C:/Xilinx/Vitis/2023.1/base_platforms/xilinx_zcu104_base_202310_1/xilinx_zcu104_base_202310_1.xpfm
13:20:59 WARN  : An unexpected exception occurred in the module 'platform project logging'
13:21:01 INFO  : Platform 'kv260_ispMipiRx_vcu_DP' is added to custom repositories.
13:21:17 INFO  : Platform 'kv260_ispMipiRx_vcu_DP' is added to custom repositories.
13:35:12 INFO  : Result from executing command 'getProjects': kv260_ispMipiRx_vcu_DP
13:35:12 INFO  : Result from executing command 'getPlatforms': kv260_ispMipiRx_vcu_DP|C:/Users/deoch/workspace/kv260_ispMipiRx_vcu_DP/export/kv260_ispMipiRx_vcu_DP/kv260_ispMipiRx_vcu_DP.xpfm;xilinx_zcu102_base_202310_1|C:/Xilinx/Vitis/2023.1/base_platforms/xilinx_zcu102_base_202310_1/xilinx_zcu102_base_202310_1.xpfm;xilinx_zcu102_base_dfx_202310_1|C:/Xilinx/Vitis/2023.1/base_platforms/xilinx_zcu102_base_dfx_202310_1/xilinx_zcu102_base_dfx_202310_1.xpfm;xilinx_zcu104_base_202310_1|C:/Xilinx/Vitis/2023.1/base_platforms/xilinx_zcu104_base_202310_1/xilinx_zcu104_base_202310_1.xpfm
13:35:13 INFO  : Checking for BSP changes to sync application flags for project 'TestProject'...
13:37:51 INFO  : Connected to target on host '127.0.0.1' and port '3121'.
13:38:16 INFO  : Jtag cable 'Digilent JTAG-HS3 210299B938DC' is selected.
13:38:16 INFO  : 'jtag frequency' command is executed.
13:38:16 INFO  : Sourcing of 'C:/Xilinx/Vitis/2023.1/scripts/vitis/util/zynqmp_utils.tcl' is done.
13:38:16 INFO  : Context for 'APU' is selected.
13:38:16 INFO  : System reset is completed.
13:38:19 INFO  : 'after 3000' command is executed.
13:38:19 INFO  : Context for 'APU' is selected.
13:38:20 INFO  : Cleared APU and A53 resets
13:38:20 INFO  : Context for 'RPU' is selected.
13:38:23 INFO  : Cleared RPU and R5 resets
13:38:23 INFO  : Split mode is enabled for R5#1
13:38:23 INFO  : Context for 'APU' is selected.
13:38:23 INFO  : Hardware design and registers information is loaded from 'C:/Users/deoch/workspace/kv260_ispMipiRx_vcu_DP/export/kv260_ispMipiRx_vcu_DP/hw/kv260_ispMipiRx_vcu_DP.xsa'.
13:38:23 INFO  : 'configparams force-mem-access 1' command is executed.
13:38:23 INFO  : Context for 'APU' is selected.
13:38:23 INFO  : Sourcing of 'C:/Users/deoch/workspace/TestProject/_ide/psinit/psu_init.tcl' is done.
13:38:24 INFO  : 'psu_init' command is executed.
13:38:25 INFO  : 'after 1000' command is executed.
13:38:25 INFO  : 'psu_ps_pl_isolation_removal' command is executed.
13:38:26 INFO  : 'after 1000' command is executed.
13:38:26 INFO  : Connected to target on host '127.0.0.1' and port '3121'.
13:38:26 INFO  : 'psu_ps_pl_reset_config' command is executed.
13:38:26 INFO  : 'catch {psu_protection}' command is executed.
13:38:26 INFO  : Context for processor 'psu_cortexa53_0' is selected.
13:38:26 INFO  : Processor reset is completed for 'psu_cortexa53_0'.
13:38:29 INFO  : The application 'C:/Users/deoch/workspace/TestProject/Debug/TestProject.elf' is downloaded to processor 'psu_cortexa53_0'.
13:38:29 INFO  : 'configparams force-mem-access 0' command is executed.
13:38:29 INFO  : ----------------XSDB Script----------------
connect -url tcp:127.0.0.1:3121
source C:/Xilinx/Vitis/2023.1/scripts/vitis/util/zynqmp_utils.tcl
targets -set -nocase -filter {name =~"APU*"}
rst -system
after 3000
targets -set -nocase -filter {name =~"APU*"}
reset_apu
targets -set -nocase -filter {name =~"RPU*"}
clear_rpu_reset
enable_split_mode
targets -set -nocase -filter {name =~"APU*"}
loadhw -hw C:/Users/deoch/workspace/kv260_ispMipiRx_vcu_DP/export/kv260_ispMipiRx_vcu_DP/hw/kv260_ispMipiRx_vcu_DP.xsa -mem-ranges [list {0x80000000 0xbfffffff} {0x400000000 0x5ffffffff} {0x1000000000 0x7fffffffff}] -regs
configparams force-mem-access 1
targets -set -nocase -filter {name =~"APU*"}
source C:/Users/deoch/workspace/TestProject/_ide/psinit/psu_init.tcl
psu_init
after 1000
psu_ps_pl_isolation_removal
after 1000
psu_ps_pl_reset_config
catch {psu_protection}
targets -set -nocase -filter {name =~ "*A53*#0"}
rst -processor
dow C:/Users/deoch/workspace/TestProject/Debug/TestProject.elf
configparams force-mem-access 0
----------------End of Script----------------

13:38:30 INFO  : Launch script is exported to file 'C:\Users\deoch\workspace\TestProject_system\_ide\scripts\debugger_testproject-default.tcl'
13:38:51 INFO  : Jtag cable 'Digilent JTAG-HS3 210299B938DC' is selected.
13:38:51 INFO  : 'jtag frequency' command is executed.
13:38:51 INFO  : Sourcing of 'C:/Xilinx/Vitis/2023.1/scripts/vitis/util/zynqmp_utils.tcl' is done.
13:38:51 INFO  : Context for 'APU' is selected.
13:38:51 INFO  : System reset is completed.
13:38:54 INFO  : 'after 3000' command is executed.
13:38:54 INFO  : Context for 'APU' is selected.
13:38:54 INFO  : Cleared APU and A53 resets
13:38:54 INFO  : Context for 'RPU' is selected.
13:38:57 INFO  : Cleared RPU and R5 resets
13:38:57 INFO  : Split mode is enabled for R5#1
13:38:57 INFO  : Context for 'APU' is selected.
13:38:58 INFO  : Hardware design and registers information is loaded from 'C:/Users/deoch/workspace/kv260_ispMipiRx_vcu_DP/export/kv260_ispMipiRx_vcu_DP/hw/kv260_ispMipiRx_vcu_DP.xsa'.
13:38:58 INFO  : 'configparams force-mem-access 1' command is executed.
13:38:58 INFO  : Context for 'APU' is selected.
13:38:58 INFO  : Sourcing of 'C:/Users/deoch/workspace/TestProject/_ide/psinit/psu_init.tcl' is done.
13:38:58 INFO  : 'psu_init' command is executed.
13:38:59 INFO  : 'after 1000' command is executed.
13:39:00 INFO  : 'psu_ps_pl_isolation_removal' command is executed.
13:39:01 INFO  : 'after 1000' command is executed.
13:39:01 INFO  : 'psu_ps_pl_reset_config' command is executed.
13:39:01 INFO  : 'catch {psu_protection}' command is executed.
13:39:01 INFO  : Context for processor 'psu_cortexa53_0' is selected.
13:39:01 INFO  : Processor reset is completed for 'psu_cortexa53_0'.
13:39:01 INFO  : The application 'C:/Users/deoch/workspace/TestProject/Debug/TestProject.elf' is downloaded to processor 'psu_cortexa53_0'.
13:39:01 INFO  : 'configparams force-mem-access 0' command is executed.
13:39:01 INFO  : ----------------XSDB Script----------------
connect -url tcp:127.0.0.1:3121
source C:/Xilinx/Vitis/2023.1/scripts/vitis/util/zynqmp_utils.tcl
targets -set -nocase -filter {name =~"APU*"}
rst -system
after 3000
targets -set -nocase -filter {name =~"APU*"}
reset_apu
targets -set -nocase -filter {name =~"RPU*"}
clear_rpu_reset
enable_split_mode
targets -set -nocase -filter {name =~"APU*"}
loadhw -hw C:/Users/deoch/workspace/kv260_ispMipiRx_vcu_DP/export/kv260_ispMipiRx_vcu_DP/hw/kv260_ispMipiRx_vcu_DP.xsa -mem-ranges [list {0x80000000 0xbfffffff} {0x400000000 0x5ffffffff} {0x1000000000 0x7fffffffff}] -regs
configparams force-mem-access 1
targets -set -nocase -filter {name =~"APU*"}
source C:/Users/deoch/workspace/TestProject/_ide/psinit/psu_init.tcl
psu_init
after 1000
psu_ps_pl_isolation_removal
after 1000
psu_ps_pl_reset_config
catch {psu_protection}
targets -set -nocase -filter {name =~ "*A53*#0"}
rst -processor
dow C:/Users/deoch/workspace/TestProject/Debug/TestProject.elf
configparams force-mem-access 0
----------------End of Script----------------

13:39:01 INFO  : Launch script is exported to file 'C:\Users\deoch\workspace\TestProject_system\_ide\scripts\debugger_testproject-default.tcl'
13:51:53 INFO  : Disconnected from the channel tcfchan#1.
13:53:33 DEBUG : Logs will be stored at 'C:/Users/deoch/workspace/IDE.log'.
13:53:33 INFO  : Launching XSCT server: xsct.bat -n  -interactive C:\Users\deoch\workspace\temp_xsdb_launch_script.tcl
13:53:35 INFO  : Registering command handlers for Vitis TCF services
13:53:35 INFO  : XSCT server has started successfully.
13:53:35 INFO  : Successfully done setting XSCT server connection channel  
13:53:36 INFO  : Platform repository initialization has completed.
13:53:37 INFO  : plnx-install-location is set to ''
13:53:37 INFO  : Successfully done setting workspace for the tool. 
13:53:37 INFO  : Successfully done query RDI_DATADIR 
13:54:39 INFO  : Connected to target on host '127.0.0.1' and port '3121'.
13:55:09 INFO  : Jtag cable 'Digilent JTAG-HS3 210299B938DC' is selected.
13:55:09 INFO  : 'jtag frequency' command is executed.
13:55:09 INFO  : Sourcing of 'C:/Xilinx/Vitis/2023.1/scripts/vitis/util/zynqmp_utils.tcl' is done.
13:55:09 INFO  : Context for 'APU' is selected.
13:55:09 INFO  : System reset is completed.
13:55:12 INFO  : 'after 3000' command is executed.
13:55:13 INFO  : Context for 'APU' is selected.
13:55:13 INFO  : Cleared APU and A53 resets
13:55:13 INFO  : Context for 'RPU' is selected.
13:55:16 INFO  : Cleared RPU and R5 resets
13:55:16 INFO  : Split mode is enabled for R5#1
13:55:16 INFO  : Context for 'APU' is selected.
13:55:16 INFO  : Hardware design and registers information is loaded from 'C:/Users/deoch/workspace/kv260_ispMipiRx_vcu_DP/export/kv260_ispMipiRx_vcu_DP/hw/kv260_ispMipiRx_vcu_DP.xsa'.
13:55:16 INFO  : 'configparams force-mem-access 1' command is executed.
13:55:16 INFO  : Context for 'APU' is selected.
13:55:16 INFO  : Sourcing of 'C:/Users/deoch/workspace/TestProject/_ide/psinit/psu_init.tcl' is done.
13:55:17 INFO  : 'psu_init' command is executed.
13:55:18 INFO  : 'after 1000' command is executed.
13:55:18 INFO  : 'psu_ps_pl_isolation_removal' command is executed.
13:55:19 INFO  : 'after 1000' command is executed.
13:55:19 INFO  : 'psu_ps_pl_reset_config' command is executed.
13:55:19 INFO  : 'catch {psu_protection}' command is executed.
13:55:19 INFO  : Context for processor 'psu_cortexa53_0' is selected.
13:55:19 INFO  : Processor reset is completed for 'psu_cortexa53_0'.
13:55:20 INFO  : The application 'C:/Users/deoch/workspace/TestProject/Debug/TestProject.elf' is downloaded to processor 'psu_cortexa53_0'.
13:55:20 INFO  : 'configparams force-mem-access 0' command is executed.
13:55:20 INFO  : ----------------XSDB Script----------------
connect -url tcp:127.0.0.1:3121
source C:/Xilinx/Vitis/2023.1/scripts/vitis/util/zynqmp_utils.tcl
targets -set -nocase -filter {name =~"APU*"}
rst -system
after 3000
targets -set -nocase -filter {name =~"APU*"}
reset_apu
targets -set -nocase -filter {name =~"RPU*"}
clear_rpu_reset
enable_split_mode
targets -set -nocase -filter {name =~"APU*"}
loadhw -hw C:/Users/deoch/workspace/kv260_ispMipiRx_vcu_DP/export/kv260_ispMipiRx_vcu_DP/hw/kv260_ispMipiRx_vcu_DP.xsa -mem-ranges [list {0x80000000 0xbfffffff} {0x400000000 0x5ffffffff} {0x1000000000 0x7fffffffff}] -regs
configparams force-mem-access 1
targets -set -nocase -filter {name =~"APU*"}
source C:/Users/deoch/workspace/TestProject/_ide/psinit/psu_init.tcl
psu_init
after 1000
psu_ps_pl_isolation_removal
after 1000
psu_ps_pl_reset_config
catch {psu_protection}
targets -set -nocase -filter {name =~ "*A53*#0"}
rst -processor
dow C:/Users/deoch/workspace/TestProject/Debug/TestProject.elf
configparams force-mem-access 0
----------------End of Script----------------

13:55:20 INFO  : Launch script is exported to file 'C:\Users\deoch\workspace\TestProject_system\_ide\scripts\debugger_testproject-default.tcl'
14:00:29 INFO  : Disconnected from the channel tcfchan#1.
14:00:30 INFO  : Connected to target on host '127.0.0.1' and port '3121'.
14:00:49 INFO  : ----------------XSDB Script----------------
connect -url tcp:127.0.0.1:3121
----------------End of Script----------------

14:00:49 ERROR : Could not find ARM device on the board for connection 'Local'.
Check if the target is in:
1. Split JTAG - No operations are possible with ARM DAP.
2. Non JTAG bootmode - Bootrom may need time to enable DAP.
Please try again.


Troubleshooting hints:
1. Check whether board is connected to system properly.
2. In case of zynq board, check whether Digilent/Xilinx cable switch settings are correct.
3. If you are using Xilinx Platform Cable USB, ensure that status LED is green.
14:01:23 INFO  : Connected to target on host '127.0.0.1' and port '3121'.
14:01:47 INFO  : Jtag cable 'Digilent JTAG-HS3 210299B938DC' is selected.
14:01:47 INFO  : 'jtag frequency' command is executed.
14:01:47 INFO  : Sourcing of 'C:/Xilinx/Vitis/2023.1/scripts/vitis/util/zynqmp_utils.tcl' is done.
14:01:47 INFO  : Context for 'APU' is selected.
14:01:47 INFO  : System reset is completed.
14:01:50 INFO  : 'after 3000' command is executed.
14:01:50 INFO  : Context for 'APU' is selected.
14:01:50 INFO  : Cleared APU and A53 resets
14:01:50 INFO  : Context for 'RPU' is selected.
14:01:53 INFO  : Cleared RPU and R5 resets
14:01:53 INFO  : Split mode is enabled for R5#1
14:01:53 INFO  : Context for 'APU' is selected.
14:02:02 INFO  : Hardware design and registers information is loaded from 'C:/Users/deoch/workspace/kv260_ispMipiRx_vcu_DP/export/kv260_ispMipiRx_vcu_DP/hw/kv260_ispMipiRx_vcu_DP.xsa'.
14:02:02 INFO  : 'configparams force-mem-access 1' command is executed.
14:02:02 INFO  : Context for 'APU' is selected.
14:02:02 INFO  : Sourcing of 'C:/Users/deoch/workspace/TestProject/_ide/psinit/psu_init.tcl' is done.
14:02:02 INFO  : 'psu_init' command is executed.
14:02:03 INFO  : 'after 1000' command is executed.
14:02:04 INFO  : 'psu_ps_pl_isolation_removal' command is executed.
14:02:05 INFO  : 'after 1000' command is executed.
14:02:05 INFO  : 'psu_ps_pl_reset_config' command is executed.
14:02:05 INFO  : 'catch {psu_protection}' command is executed.
14:02:05 INFO  : Context for processor 'psu_cortexa53_0' is selected.
14:02:05 INFO  : Processor reset is completed for 'psu_cortexa53_0'.
14:02:05 INFO  : The application 'C:/Users/deoch/workspace/TestProject/Debug/TestProject.elf' is downloaded to processor 'psu_cortexa53_0'.
14:02:05 INFO  : 'configparams force-mem-access 0' command is executed.
14:02:05 INFO  : ----------------XSDB Script----------------
connect -url tcp:127.0.0.1:3121
source C:/Xilinx/Vitis/2023.1/scripts/vitis/util/zynqmp_utils.tcl
targets -set -nocase -filter {name =~"APU*"}
rst -system
after 3000
targets -set -nocase -filter {name =~"APU*"}
reset_apu
targets -set -nocase -filter {name =~"RPU*"}
clear_rpu_reset
enable_split_mode
targets -set -nocase -filter {name =~"APU*"}
loadhw -hw C:/Users/deoch/workspace/kv260_ispMipiRx_vcu_DP/export/kv260_ispMipiRx_vcu_DP/hw/kv260_ispMipiRx_vcu_DP.xsa -mem-ranges [list {0x80000000 0xbfffffff} {0x400000000 0x5ffffffff} {0x1000000000 0x7fffffffff}] -regs
configparams force-mem-access 1
targets -set -nocase -filter {name =~"APU*"}
source C:/Users/deoch/workspace/TestProject/_ide/psinit/psu_init.tcl
psu_init
after 1000
psu_ps_pl_isolation_removal
after 1000
psu_ps_pl_reset_config
catch {psu_protection}
targets -set -nocase -filter {name =~ "*A53*#0"}
rst -processor
dow C:/Users/deoch/workspace/TestProject/Debug/TestProject.elf
configparams force-mem-access 0
----------------End of Script----------------

14:02:05 INFO  : Launch script is exported to file 'C:\Users\deoch\workspace\TestProject_system\_ide\scripts\debugger_testproject-default.tcl'
14:05:13 INFO  : Disconnected from the channel tcfchan#2.
14:05:14 INFO  : Connected to target on host '127.0.0.1' and port '3121'.
14:05:32 INFO  : ----------------XSDB Script----------------
connect -url tcp:127.0.0.1:3121
----------------End of Script----------------

14:05:32 ERROR : Could not find ARM device on the board for connection 'Local'.
Check if the target is in:
1. Split JTAG - No operations are possible with ARM DAP.
2. Non JTAG bootmode - Bootrom may need time to enable DAP.
Please try again.


Troubleshooting hints:
1. Check whether board is connected to system properly.
2. In case of zynq board, check whether Digilent/Xilinx cable switch settings are correct.
3. If you are using Xilinx Platform Cable USB, ensure that status LED is green.
14:06:25 INFO  : Connected to target on host '127.0.0.1' and port '3121'.
14:06:49 INFO  : Jtag cable 'Digilent JTAG-HS3 210299B938DC' is selected.
14:06:49 INFO  : 'jtag frequency' command is executed.
14:06:49 INFO  : Sourcing of 'C:/Xilinx/Vitis/2023.1/scripts/vitis/util/zynqmp_utils.tcl' is done.
14:06:49 INFO  : Context for 'APU' is selected.
14:06:49 INFO  : System reset is completed.
14:06:52 INFO  : 'after 3000' command is executed.
14:06:52 INFO  : Context for 'APU' is selected.
14:06:52 INFO  : Cleared APU and A53 resets
14:06:52 INFO  : Context for 'RPU' is selected.
14:06:55 INFO  : Cleared RPU and R5 resets
14:06:55 INFO  : Split mode is enabled for R5#1
14:06:55 INFO  : Context for 'APU' is selected.
14:07:03 INFO  : Hardware design and registers information is loaded from 'C:/Users/deoch/workspace/kv260_ispMipiRx_vcu_DP/export/kv260_ispMipiRx_vcu_DP/hw/kv260_ispMipiRx_vcu_DP.xsa'.
14:07:03 INFO  : 'configparams force-mem-access 1' command is executed.
14:07:03 INFO  : Context for 'APU' is selected.
14:07:03 INFO  : Sourcing of 'C:/Users/deoch/workspace/TestProject/_ide/psinit/psu_init.tcl' is done.
14:07:04 INFO  : 'psu_init' command is executed.
14:07:05 INFO  : 'after 1000' command is executed.
14:07:05 INFO  : 'psu_ps_pl_isolation_removal' command is executed.
14:07:06 INFO  : 'after 1000' command is executed.
14:07:06 INFO  : 'psu_ps_pl_reset_config' command is executed.
14:07:06 INFO  : 'catch {psu_protection}' command is executed.
14:07:06 INFO  : Context for processor 'psu_cortexa53_0' is selected.
14:07:06 INFO  : Processor reset is completed for 'psu_cortexa53_0'.
14:07:07 INFO  : The application 'C:/Users/deoch/workspace/TestProject/Debug/TestProject.elf' is downloaded to processor 'psu_cortexa53_0'.
14:07:07 INFO  : 'configparams force-mem-access 0' command is executed.
14:07:07 INFO  : ----------------XSDB Script----------------
connect -url tcp:127.0.0.1:3121
source C:/Xilinx/Vitis/2023.1/scripts/vitis/util/zynqmp_utils.tcl
targets -set -nocase -filter {name =~"APU*"}
rst -system
after 3000
targets -set -nocase -filter {name =~"APU*"}
reset_apu
targets -set -nocase -filter {name =~"RPU*"}
clear_rpu_reset
enable_split_mode
targets -set -nocase -filter {name =~"APU*"}
loadhw -hw C:/Users/deoch/workspace/kv260_ispMipiRx_vcu_DP/export/kv260_ispMipiRx_vcu_DP/hw/kv260_ispMipiRx_vcu_DP.xsa -mem-ranges [list {0x80000000 0xbfffffff} {0x400000000 0x5ffffffff} {0x1000000000 0x7fffffffff}] -regs
configparams force-mem-access 1
targets -set -nocase -filter {name =~"APU*"}
source C:/Users/deoch/workspace/TestProject/_ide/psinit/psu_init.tcl
psu_init
after 1000
psu_ps_pl_isolation_removal
after 1000
psu_ps_pl_reset_config
catch {psu_protection}
targets -set -nocase -filter {name =~ "*A53*#0"}
rst -processor
dow C:/Users/deoch/workspace/TestProject/Debug/TestProject.elf
configparams force-mem-access 0
----------------End of Script----------------

14:07:07 INFO  : Launch script is exported to file 'C:\Users\deoch\workspace\TestProject_system\_ide\scripts\debugger_testproject-default.tcl'
14:10:18 INFO  : Disconnected from the channel tcfchan#3.
15:19:46 DEBUG : Logs will be stored at 'C:/Users/deoch/workspace/IDE.log'.
15:19:47 INFO  : Launching XSCT server: xsct.bat -n  -interactive C:\Users\deoch\workspace\temp_xsdb_launch_script.tcl
15:19:49 INFO  : Registering command handlers for Vitis TCF services
15:19:50 INFO  : Platform repository initialization has completed.
15:19:50 INFO  : XSCT server has started successfully.
15:19:50 INFO  : plnx-install-location is set to ''
15:19:52 INFO  : Successfully done setting XSCT server connection channel  
15:19:52 INFO  : Successfully done query RDI_DATADIR 
15:19:52 INFO  : Successfully done setting workspace for the tool. 
15:20:08 INFO  : Connected to target on host '127.0.0.1' and port '3121'.
15:20:40 INFO  : Jtag cable 'Digilent JTAG-HS3 210299B938DC' is selected.
15:20:40 INFO  : 'jtag frequency' command is executed.
15:20:40 INFO  : Sourcing of 'C:/Xilinx/Vitis/2023.1/scripts/vitis/util/zynqmp_utils.tcl' is done.
15:20:40 INFO  : Context for 'APU' is selected.
15:20:40 INFO  : System reset is completed.
15:20:43 INFO  : 'after 3000' command is executed.
15:20:43 INFO  : Context for 'APU' is selected.
15:20:43 INFO  : Cleared APU and A53 resets
15:20:43 INFO  : Context for 'RPU' is selected.
15:20:46 INFO  : Cleared RPU and R5 resets
15:20:46 INFO  : Split mode is enabled for R5#1
15:20:46 INFO  : Context for 'APU' is selected.
15:20:47 INFO  : Hardware design and registers information is loaded from 'C:/Users/deoch/workspace/kv260_ispMipiRx_vcu_DP/export/kv260_ispMipiRx_vcu_DP/hw/kv260_ispMipiRx_vcu_DP.xsa'.
15:20:47 INFO  : 'configparams force-mem-access 1' command is executed.
15:20:47 INFO  : Context for 'APU' is selected.
15:20:47 INFO  : Sourcing of 'C:/Users/deoch/workspace/TestProject/_ide/psinit/psu_init.tcl' is done.
15:20:48 INFO  : 'psu_init' command is executed.
15:20:49 INFO  : 'after 1000' command is executed.
15:20:49 INFO  : 'psu_ps_pl_isolation_removal' command is executed.
15:20:50 INFO  : 'after 1000' command is executed.
15:20:50 INFO  : 'psu_ps_pl_reset_config' command is executed.
15:20:50 INFO  : 'catch {psu_protection}' command is executed.
15:20:50 INFO  : Context for processor 'psu_cortexa53_0' is selected.
15:20:50 INFO  : Processor reset is completed for 'psu_cortexa53_0'.
15:20:50 INFO  : The application 'C:/Users/deoch/workspace/TestProject/Debug/TestProject.elf' is downloaded to processor 'psu_cortexa53_0'.
15:20:50 INFO  : 'configparams force-mem-access 0' command is executed.
15:20:50 INFO  : ----------------XSDB Script----------------
connect -url tcp:127.0.0.1:3121
source C:/Xilinx/Vitis/2023.1/scripts/vitis/util/zynqmp_utils.tcl
targets -set -nocase -filter {name =~"APU*"}
rst -system
after 3000
targets -set -nocase -filter {name =~"APU*"}
reset_apu
targets -set -nocase -filter {name =~"RPU*"}
clear_rpu_reset
enable_split_mode
targets -set -nocase -filter {name =~"APU*"}
loadhw -hw C:/Users/deoch/workspace/kv260_ispMipiRx_vcu_DP/export/kv260_ispMipiRx_vcu_DP/hw/kv260_ispMipiRx_vcu_DP.xsa -mem-ranges [list {0x80000000 0xbfffffff} {0x400000000 0x5ffffffff} {0x1000000000 0x7fffffffff}] -regs
configparams force-mem-access 1
targets -set -nocase -filter {name =~"APU*"}
source C:/Users/deoch/workspace/TestProject/_ide/psinit/psu_init.tcl
psu_init
after 1000
psu_ps_pl_isolation_removal
after 1000
psu_ps_pl_reset_config
catch {psu_protection}
targets -set -nocase -filter {name =~ "*A53*#0"}
rst -processor
dow C:/Users/deoch/workspace/TestProject/Debug/TestProject.elf
configparams force-mem-access 0
----------------End of Script----------------

15:20:50 INFO  : Launch script is exported to file 'C:\Users\deoch\workspace\TestProject_system\_ide\scripts\debugger_testproject-default.tcl'
15:22:39 INFO  : Disconnected from the channel tcfchan#1.
15:22:40 INFO  : Connected to target on host '127.0.0.1' and port '3121'.
15:22:59 INFO  : ----------------XSDB Script----------------
connect -url tcp:127.0.0.1:3121
----------------End of Script----------------

15:22:59 ERROR : Could not find ARM device on the board for connection 'Local'.
Check if the target is in:
1. Split JTAG - No operations are possible with ARM DAP.
2. Non JTAG bootmode - Bootrom may need time to enable DAP.
Please try again.


Troubleshooting hints:
1. Check whether board is connected to system properly.
2. In case of zynq board, check whether Digilent/Xilinx cable switch settings are correct.
3. If you are using Xilinx Platform Cable USB, ensure that status LED is green.
15:23:31 INFO  : Connected to target on host '127.0.0.1' and port '3121'.
15:23:55 INFO  : Jtag cable 'Digilent JTAG-HS3 210299B938DC' is selected.
15:23:55 INFO  : 'jtag frequency' command is executed.
15:23:55 INFO  : Sourcing of 'C:/Xilinx/Vitis/2023.1/scripts/vitis/util/zynqmp_utils.tcl' is done.
15:23:55 INFO  : Context for 'APU' is selected.
15:23:56 INFO  : System reset is completed.
15:23:59 INFO  : 'after 3000' command is executed.
15:23:59 INFO  : Context for 'APU' is selected.
15:23:59 INFO  : Cleared APU and A53 resets
15:23:59 INFO  : Context for 'RPU' is selected.
15:24:02 INFO  : Cleared RPU and R5 resets
15:24:02 INFO  : Split mode is enabled for R5#1
15:24:02 INFO  : Context for 'APU' is selected.
15:24:10 INFO  : Hardware design and registers information is loaded from 'C:/Users/deoch/workspace/kv260_ispMipiRx_vcu_DP/export/kv260_ispMipiRx_vcu_DP/hw/kv260_ispMipiRx_vcu_DP.xsa'.
15:24:10 INFO  : 'configparams force-mem-access 1' command is executed.
15:24:10 INFO  : Context for 'APU' is selected.
15:24:10 INFO  : Sourcing of 'C:/Users/deoch/workspace/TestProject/_ide/psinit/psu_init.tcl' is done.
15:24:10 INFO  : 'psu_init' command is executed.
15:24:11 INFO  : 'after 1000' command is executed.
15:24:11 INFO  : 'psu_ps_pl_isolation_removal' command is executed.
15:24:12 INFO  : 'after 1000' command is executed.
15:24:13 INFO  : 'psu_ps_pl_reset_config' command is executed.
15:24:13 INFO  : 'catch {psu_protection}' command is executed.
15:24:13 INFO  : Context for processor 'psu_cortexa53_0' is selected.
15:24:13 INFO  : Processor reset is completed for 'psu_cortexa53_0'.
15:24:13 INFO  : The application 'C:/Users/deoch/workspace/TestProject/Debug/TestProject.elf' is downloaded to processor 'psu_cortexa53_0'.
15:24:13 INFO  : 'configparams force-mem-access 0' command is executed.
15:24:13 INFO  : ----------------XSDB Script----------------
connect -url tcp:127.0.0.1:3121
source C:/Xilinx/Vitis/2023.1/scripts/vitis/util/zynqmp_utils.tcl
targets -set -nocase -filter {name =~"APU*"}
rst -system
after 3000
targets -set -nocase -filter {name =~"APU*"}
reset_apu
targets -set -nocase -filter {name =~"RPU*"}
clear_rpu_reset
enable_split_mode
targets -set -nocase -filter {name =~"APU*"}
loadhw -hw C:/Users/deoch/workspace/kv260_ispMipiRx_vcu_DP/export/kv260_ispMipiRx_vcu_DP/hw/kv260_ispMipiRx_vcu_DP.xsa -mem-ranges [list {0x80000000 0xbfffffff} {0x400000000 0x5ffffffff} {0x1000000000 0x7fffffffff}] -regs
configparams force-mem-access 1
targets -set -nocase -filter {name =~"APU*"}
source C:/Users/deoch/workspace/TestProject/_ide/psinit/psu_init.tcl
psu_init
after 1000
psu_ps_pl_isolation_removal
after 1000
psu_ps_pl_reset_config
catch {psu_protection}
targets -set -nocase -filter {name =~ "*A53*#0"}
rst -processor
dow C:/Users/deoch/workspace/TestProject/Debug/TestProject.elf
configparams force-mem-access 0
----------------End of Script----------------

15:24:13 INFO  : Launch script is exported to file 'C:\Users\deoch\workspace\TestProject_system\_ide\scripts\debugger_testproject-default.tcl'
15:29:58 ERROR : (XSDB Server)can't read "baseAddress": no such variable

15:37:01 ERROR : (XSDB Server)couldn't read file "/TestProject/src/stack.tcl": no such file or directory

15:37:24 ERROR : (XSDB Server)couldn't read file "C:UsersdeochworkspaceTestProjectsrcstack.tlc": no such file or directory

15:38:01 ERROR : (XSDB Server)couldn't read file "Users/deoch/workspace/TestProject/src/stack.tlc": no such file or directory

15:45:13 INFO  : Disconnected from the channel tcfchan#2.
15:45:14 INFO  : Connected to target on host '127.0.0.1' and port '3121'.
15:45:33 INFO  : ----------------XSDB Script----------------
connect -url tcp:127.0.0.1:3121
----------------End of Script----------------

15:45:33 ERROR : Could not find ARM device on the board for connection 'Local'.
Check if the target is in:
1. Split JTAG - No operations are possible with ARM DAP.
2. Non JTAG bootmode - Bootrom may need time to enable DAP.
Please try again.


Troubleshooting hints:
1. Check whether board is connected to system properly.
2. In case of zynq board, check whether Digilent/Xilinx cable switch settings are correct.
3. If you are using Xilinx Platform Cable USB, ensure that status LED is green.
15:45:39 INFO  : Connected to target on host '127.0.0.1' and port '3121'.
15:46:04 INFO  : Jtag cable 'Digilent JTAG-HS3 210299B938DC' is selected.
15:46:04 INFO  : 'jtag frequency' command is executed.
15:46:04 INFO  : Sourcing of 'C:/Xilinx/Vitis/2023.1/scripts/vitis/util/zynqmp_utils.tcl' is done.
15:46:04 INFO  : Context for 'APU' is selected.
15:46:04 INFO  : System reset is completed.
15:46:07 INFO  : 'after 3000' command is executed.
15:46:07 INFO  : Context for 'APU' is selected.
15:46:07 INFO  : Cleared APU and A53 resets
15:46:07 INFO  : Context for 'RPU' is selected.
15:46:10 INFO  : Cleared RPU and R5 resets
15:46:10 INFO  : Split mode is enabled for R5#1
15:46:10 INFO  : Context for 'APU' is selected.
15:46:17 INFO  : Hardware design and registers information is loaded from 'C:/Users/deoch/workspace/kv260_ispMipiRx_vcu_DP/export/kv260_ispMipiRx_vcu_DP/hw/kv260_ispMipiRx_vcu_DP.xsa'.
15:46:17 INFO  : 'configparams force-mem-access 1' command is executed.
15:46:17 INFO  : Context for 'APU' is selected.
15:46:17 INFO  : Sourcing of 'C:/Users/deoch/workspace/TestProject/_ide/psinit/psu_init.tcl' is done.
15:46:18 INFO  : 'psu_init' command is executed.
15:46:19 INFO  : 'after 1000' command is executed.
15:46:19 INFO  : 'psu_ps_pl_isolation_removal' command is executed.
15:46:20 INFO  : 'after 1000' command is executed.
15:46:20 INFO  : 'psu_ps_pl_reset_config' command is executed.
15:46:20 INFO  : 'catch {psu_protection}' command is executed.
15:46:20 INFO  : Context for processor 'psu_cortexa53_0' is selected.
15:46:20 INFO  : Processor reset is completed for 'psu_cortexa53_0'.
15:46:21 INFO  : The application 'C:/Users/deoch/workspace/TestProject/Debug/TestProject.elf' is downloaded to processor 'psu_cortexa53_0'.
15:46:21 INFO  : 'configparams force-mem-access 0' command is executed.
15:46:21 INFO  : ----------------XSDB Script----------------
connect -url tcp:127.0.0.1:3121
source C:/Xilinx/Vitis/2023.1/scripts/vitis/util/zynqmp_utils.tcl
targets -set -nocase -filter {name =~"APU*"}
rst -system
after 3000
targets -set -nocase -filter {name =~"APU*"}
reset_apu
targets -set -nocase -filter {name =~"RPU*"}
clear_rpu_reset
enable_split_mode
targets -set -nocase -filter {name =~"APU*"}
loadhw -hw C:/Users/deoch/workspace/kv260_ispMipiRx_vcu_DP/export/kv260_ispMipiRx_vcu_DP/hw/kv260_ispMipiRx_vcu_DP.xsa -mem-ranges [list {0x80000000 0xbfffffff} {0x400000000 0x5ffffffff} {0x1000000000 0x7fffffffff}] -regs
configparams force-mem-access 1
targets -set -nocase -filter {name =~"APU*"}
source C:/Users/deoch/workspace/TestProject/_ide/psinit/psu_init.tcl
psu_init
after 1000
psu_ps_pl_isolation_removal
after 1000
psu_ps_pl_reset_config
catch {psu_protection}
targets -set -nocase -filter {name =~ "*A53*#0"}
rst -processor
dow C:/Users/deoch/workspace/TestProject/Debug/TestProject.elf
configparams force-mem-access 0
----------------End of Script----------------

15:46:21 INFO  : Launch script is exported to file 'C:\Users\deoch\workspace\TestProject_system\_ide\scripts\debugger_testproject-default.tcl'
15:46:45 INFO  : Disconnected from the channel tcfchan#3.
15:46:53 DEBUG : Logs will be stored at 'C:/Users/deoch/workspace/IDE.log'.
15:46:53 INFO  : Launching XSCT server: xsct.bat -n  -interactive C:\Users\deoch\workspace\temp_xsdb_launch_script.tcl
15:46:55 INFO  : XSCT server has started successfully.
15:46:55 INFO  : Successfully done setting XSCT server connection channel  
15:46:55 INFO  : plnx-install-location is set to ''
15:46:55 INFO  : Successfully done setting workspace for the tool. 
15:46:55 INFO  : Registering command handlers for Vitis TCF services
15:46:55 INFO  : Successfully done query RDI_DATADIR 
15:46:56 INFO  : Platform repository initialization has completed.
15:47:17 INFO  : Connected to target on host '127.0.0.1' and port '3121'.
15:47:46 INFO  : Jtag cable 'Digilent JTAG-HS3 210299B938DC' is selected.
15:47:46 INFO  : 'jtag frequency' command is executed.
15:47:46 INFO  : Sourcing of 'C:/Xilinx/Vitis/2023.1/scripts/vitis/util/zynqmp_utils.tcl' is done.
15:47:46 INFO  : Context for 'APU' is selected.
15:47:46 INFO  : System reset is completed.
15:47:49 INFO  : 'after 3000' command is executed.
15:47:49 INFO  : Context for 'APU' is selected.
15:47:49 INFO  : Cleared APU and A53 resets
15:47:49 INFO  : Context for 'RPU' is selected.
15:47:52 INFO  : Cleared RPU and R5 resets
15:47:52 INFO  : Split mode is enabled for R5#1
15:47:52 INFO  : Context for 'APU' is selected.
15:47:53 INFO  : Hardware design and registers information is loaded from 'C:/Users/deoch/workspace/kv260_ispMipiRx_vcu_DP/export/kv260_ispMipiRx_vcu_DP/hw/kv260_ispMipiRx_vcu_DP.xsa'.
15:47:53 INFO  : 'configparams force-mem-access 1' command is executed.
15:47:53 INFO  : Context for 'APU' is selected.
15:47:53 INFO  : Sourcing of 'C:/Users/deoch/workspace/TestProject/_ide/psinit/psu_init.tcl' is done.
15:47:54 INFO  : 'psu_init' command is executed.
15:47:55 INFO  : 'after 1000' command is executed.
15:47:55 INFO  : 'psu_ps_pl_isolation_removal' command is executed.
15:47:56 INFO  : 'after 1000' command is executed.
15:47:56 INFO  : 'psu_ps_pl_reset_config' command is executed.
15:47:56 INFO  : 'catch {psu_protection}' command is executed.
15:47:56 INFO  : Context for processor 'psu_cortexa53_0' is selected.
15:47:56 INFO  : Processor reset is completed for 'psu_cortexa53_0'.
15:47:56 INFO  : The application 'C:/Users/deoch/workspace/TestProject/Debug/TestProject.elf' is downloaded to processor 'psu_cortexa53_0'.
15:47:56 INFO  : 'configparams force-mem-access 0' command is executed.
15:47:56 INFO  : ----------------XSDB Script----------------
connect -url tcp:127.0.0.1:3121
source C:/Xilinx/Vitis/2023.1/scripts/vitis/util/zynqmp_utils.tcl
targets -set -nocase -filter {name =~"APU*"}
rst -system
after 3000
targets -set -nocase -filter {name =~"APU*"}
reset_apu
targets -set -nocase -filter {name =~"RPU*"}
clear_rpu_reset
enable_split_mode
targets -set -nocase -filter {name =~"APU*"}
loadhw -hw C:/Users/deoch/workspace/kv260_ispMipiRx_vcu_DP/export/kv260_ispMipiRx_vcu_DP/hw/kv260_ispMipiRx_vcu_DP.xsa -mem-ranges [list {0x80000000 0xbfffffff} {0x400000000 0x5ffffffff} {0x1000000000 0x7fffffffff}] -regs
configparams force-mem-access 1
targets -set -nocase -filter {name =~"APU*"}
source C:/Users/deoch/workspace/TestProject/_ide/psinit/psu_init.tcl
psu_init
after 1000
psu_ps_pl_isolation_removal
after 1000
psu_ps_pl_reset_config
catch {psu_protection}
targets -set -nocase -filter {name =~ "*A53*#0"}
rst -processor
dow C:/Users/deoch/workspace/TestProject/Debug/TestProject.elf
configparams force-mem-access 0
----------------End of Script----------------

15:47:56 INFO  : Launch script is exported to file 'C:\Users\deoch\workspace\TestProject_system\_ide\scripts\debugger_testproject-default.tcl'
15:48:20 INFO  : Disconnected from the channel tcfchan#1.
15:48:37 DEBUG : Logs will be stored at 'C:/Users/deoch/workspace/IDE.log'.
15:48:37 INFO  : Launching XSCT server: xsct.bat -n  -interactive C:\Users\deoch\workspace\temp_xsdb_launch_script.tcl
15:48:39 INFO  : XSCT server has started successfully.
15:48:39 INFO  : Successfully done setting XSCT server connection channel  
15:48:39 INFO  : plnx-install-location is set to ''
15:48:39 INFO  : Successfully done setting workspace for the tool. 
15:48:39 INFO  : Registering command handlers for Vitis TCF services
15:48:39 INFO  : Successfully done query RDI_DATADIR 
15:48:39 INFO  : Platform repository initialization has completed.
15:49:35 INFO  : Connected to target on host '127.0.0.1' and port '3121'.
15:50:09 INFO  : Jtag cable 'Digilent JTAG-HS3 210299B938DC' is selected.
15:50:09 INFO  : 'jtag frequency' command is executed.
15:50:09 INFO  : Sourcing of 'C:/Xilinx/Vitis/2023.1/scripts/vitis/util/zynqmp_utils.tcl' is done.
15:50:09 INFO  : Context for 'APU' is selected.
15:50:09 INFO  : System reset is completed.
15:50:12 INFO  : 'after 3000' command is executed.
15:50:12 INFO  : Context for 'APU' is selected.
15:50:13 INFO  : Cleared APU and A53 resets
15:50:13 INFO  : Context for 'RPU' is selected.
15:50:16 INFO  : Cleared RPU and R5 resets
15:50:16 INFO  : Split mode is enabled for R5#1
15:50:16 INFO  : Context for 'APU' is selected.
15:50:16 INFO  : Hardware design and registers information is loaded from 'C:/Users/deoch/workspace/kv260_ispMipiRx_vcu_DP/export/kv260_ispMipiRx_vcu_DP/hw/kv260_ispMipiRx_vcu_DP.xsa'.
15:50:16 INFO  : 'configparams force-mem-access 1' command is executed.
15:50:16 INFO  : Context for 'APU' is selected.
15:50:16 INFO  : Sourcing of 'C:/Users/deoch/workspace/TestProject/_ide/psinit/psu_init.tcl' is done.
15:50:17 INFO  : 'psu_init' command is executed.
15:50:18 INFO  : 'after 1000' command is executed.
15:50:18 INFO  : 'psu_ps_pl_isolation_removal' command is executed.
15:50:19 INFO  : 'after 1000' command is executed.
15:50:19 INFO  : 'psu_ps_pl_reset_config' command is executed.
15:50:19 INFO  : 'catch {psu_protection}' command is executed.
15:50:19 INFO  : Context for processor 'psu_cortexa53_0' is selected.
15:50:19 INFO  : Processor reset is completed for 'psu_cortexa53_0'.
15:50:19 INFO  : The application 'C:/Users/deoch/workspace/TestProject/Debug/TestProject.elf' is downloaded to processor 'psu_cortexa53_0'.
15:50:19 INFO  : 'configparams force-mem-access 0' command is executed.
15:50:19 INFO  : ----------------XSDB Script----------------
connect -url tcp:127.0.0.1:3121
source C:/Xilinx/Vitis/2023.1/scripts/vitis/util/zynqmp_utils.tcl
targets -set -nocase -filter {name =~"APU*"}
rst -system
after 3000
targets -set -nocase -filter {name =~"APU*"}
reset_apu
targets -set -nocase -filter {name =~"RPU*"}
clear_rpu_reset
enable_split_mode
targets -set -nocase -filter {name =~"APU*"}
loadhw -hw C:/Users/deoch/workspace/kv260_ispMipiRx_vcu_DP/export/kv260_ispMipiRx_vcu_DP/hw/kv260_ispMipiRx_vcu_DP.xsa -mem-ranges [list {0x80000000 0xbfffffff} {0x400000000 0x5ffffffff} {0x1000000000 0x7fffffffff}] -regs
configparams force-mem-access 1
targets -set -nocase -filter {name =~"APU*"}
source C:/Users/deoch/workspace/TestProject/_ide/psinit/psu_init.tcl
psu_init
after 1000
psu_ps_pl_isolation_removal
after 1000
psu_ps_pl_reset_config
catch {psu_protection}
targets -set -nocase -filter {name =~ "*A53*#0"}
rst -processor
dow C:/Users/deoch/workspace/TestProject/Debug/TestProject.elf
configparams force-mem-access 0
----------------End of Script----------------

15:50:19 INFO  : Launch script is exported to file 'C:\Users\deoch\workspace\TestProject_system\_ide\scripts\debugger_testproject-default.tcl'
15:51:51 INFO  : Result from executing command 'getProjects': kv260_ispMipiRx_vcu_DP
15:51:51 INFO  : Result from executing command 'getPlatforms': kv260_ispMipiRx_vcu_DP|C:/Users/deoch/workspace/kv260_ispMipiRx_vcu_DP/export/kv260_ispMipiRx_vcu_DP/kv260_ispMipiRx_vcu_DP.xpfm;xilinx_zcu102_base_202310_1|C:/Xilinx/Vitis/2023.1/base_platforms/xilinx_zcu102_base_202310_1/xilinx_zcu102_base_202310_1.xpfm;xilinx_zcu102_base_dfx_202310_1|C:/Xilinx/Vitis/2023.1/base_platforms/xilinx_zcu102_base_dfx_202310_1/xilinx_zcu102_base_dfx_202310_1.xpfm;xilinx_zcu104_base_202310_1|C:/Xilinx/Vitis/2023.1/base_platforms/xilinx_zcu104_base_202310_1/xilinx_zcu104_base_202310_1.xpfm
15:51:52 INFO  : Checking for BSP changes to sync application flags for project 'TestProject'...
15:52:51 INFO  : Disconnected from the channel tcfchan#1.
15:52:52 INFO  : Connected to target on host '127.0.0.1' and port '3121'.
15:53:10 INFO  : ----------------XSDB Script----------------
connect -url tcp:127.0.0.1:3121
----------------End of Script----------------

15:53:10 ERROR : Could not find ARM device on the board for connection 'Local'.
Check if the target is in:
1. Split JTAG - No operations are possible with ARM DAP.
2. Non JTAG bootmode - Bootrom may need time to enable DAP.
Please try again.


Troubleshooting hints:
1. Check whether board is connected to system properly.
2. In case of zynq board, check whether Digilent/Xilinx cable switch settings are correct.
3. If you are using Xilinx Platform Cable USB, ensure that status LED is green.
15:53:17 INFO  : Connected to target on host '127.0.0.1' and port '3121'.
15:53:41 INFO  : Jtag cable 'Digilent JTAG-HS3 210299B938DC' is selected.
15:53:41 INFO  : 'jtag frequency' command is executed.
15:53:41 INFO  : Sourcing of 'C:/Xilinx/Vitis/2023.1/scripts/vitis/util/zynqmp_utils.tcl' is done.
15:53:41 INFO  : Context for 'APU' is selected.
15:53:41 INFO  : System reset is completed.
15:53:44 INFO  : 'after 3000' command is executed.
15:53:44 INFO  : Context for 'APU' is selected.
15:53:44 INFO  : Cleared APU and A53 resets
15:53:44 INFO  : Context for 'RPU' is selected.
15:53:47 INFO  : Cleared RPU and R5 resets
15:53:47 INFO  : Split mode is enabled for R5#1
15:53:47 INFO  : Context for 'APU' is selected.
15:53:55 INFO  : Hardware design and registers information is loaded from 'C:/Users/deoch/workspace/kv260_ispMipiRx_vcu_DP/export/kv260_ispMipiRx_vcu_DP/hw/kv260_ispMipiRx_vcu_DP.xsa'.
15:53:55 INFO  : 'configparams force-mem-access 1' command is executed.
15:53:55 INFO  : Context for 'APU' is selected.
15:53:55 INFO  : Sourcing of 'C:/Users/deoch/workspace/TestProject/_ide/psinit/psu_init.tcl' is done.
15:53:56 INFO  : 'psu_init' command is executed.
15:53:57 INFO  : 'after 1000' command is executed.
15:53:57 INFO  : 'psu_ps_pl_isolation_removal' command is executed.
15:53:58 INFO  : 'after 1000' command is executed.
15:53:58 INFO  : 'psu_ps_pl_reset_config' command is executed.
15:53:58 INFO  : 'catch {psu_protection}' command is executed.
15:53:58 INFO  : Context for processor 'psu_cortexa53_0' is selected.
15:53:59 INFO  : Processor reset is completed for 'psu_cortexa53_0'.
15:53:59 INFO  : The application 'C:/Users/deoch/workspace/TestProject/Debug/TestProject.elf' is downloaded to processor 'psu_cortexa53_0'.
15:53:59 INFO  : 'configparams force-mem-access 0' command is executed.
15:53:59 INFO  : ----------------XSDB Script----------------
connect -url tcp:127.0.0.1:3121
source C:/Xilinx/Vitis/2023.1/scripts/vitis/util/zynqmp_utils.tcl
targets -set -nocase -filter {name =~"APU*"}
rst -system
after 3000
targets -set -nocase -filter {name =~"APU*"}
reset_apu
targets -set -nocase -filter {name =~"RPU*"}
clear_rpu_reset
enable_split_mode
targets -set -nocase -filter {name =~"APU*"}
loadhw -hw C:/Users/deoch/workspace/kv260_ispMipiRx_vcu_DP/export/kv260_ispMipiRx_vcu_DP/hw/kv260_ispMipiRx_vcu_DP.xsa -mem-ranges [list {0x80000000 0xbfffffff} {0x400000000 0x5ffffffff} {0x1000000000 0x7fffffffff}] -regs
configparams force-mem-access 1
targets -set -nocase -filter {name =~"APU*"}
source C:/Users/deoch/workspace/TestProject/_ide/psinit/psu_init.tcl
psu_init
after 1000
psu_ps_pl_isolation_removal
after 1000
psu_ps_pl_reset_config
catch {psu_protection}
targets -set -nocase -filter {name =~ "*A53*#0"}
rst -processor
dow C:/Users/deoch/workspace/TestProject/Debug/TestProject.elf
configparams force-mem-access 0
----------------End of Script----------------

15:53:59 INFO  : Launch script is exported to file 'C:\Users\deoch\workspace\TestProject_system\_ide\scripts\debugger_testproject-default.tcl'
15:59:37 INFO  : Checking for BSP changes to sync application flags for project 'TestProject'...
15:59:51 INFO  : Disconnected from the channel tcfchan#3.
15:59:52 INFO  : Connected to target on host '127.0.0.1' and port '3121'.
16:00:17 INFO  : Jtag cable 'Digilent JTAG-HS3 210299B938DC' is selected.
16:00:17 INFO  : 'jtag frequency' command is executed.
16:00:17 INFO  : Sourcing of 'C:/Xilinx/Vitis/2023.1/scripts/vitis/util/zynqmp_utils.tcl' is done.
16:00:17 INFO  : Context for 'APU' is selected.
16:00:18 INFO  : System reset is completed.
16:00:21 INFO  : 'after 3000' command is executed.
16:00:21 INFO  : Context for 'APU' is selected.
16:00:21 INFO  : Cleared APU and A53 resets
16:00:21 INFO  : Context for 'RPU' is selected.
16:00:24 INFO  : Cleared RPU and R5 resets
16:00:24 INFO  : Split mode is enabled for R5#1
16:00:24 INFO  : Context for 'APU' is selected.
16:00:24 INFO  : Hardware design and registers information is loaded from 'C:/Users/deoch/workspace/kv260_ispMipiRx_vcu_DP/export/kv260_ispMipiRx_vcu_DP/hw/kv260_ispMipiRx_vcu_DP.xsa'.
16:00:24 INFO  : 'configparams force-mem-access 1' command is executed.
16:00:24 INFO  : Context for 'APU' is selected.
16:00:24 INFO  : Sourcing of 'C:/Users/deoch/workspace/TestProject/_ide/psinit/psu_init.tcl' is done.
16:00:25 INFO  : 'psu_init' command is executed.
16:00:26 INFO  : 'after 1000' command is executed.
16:00:26 INFO  : 'psu_ps_pl_isolation_removal' command is executed.
16:00:27 INFO  : 'after 1000' command is executed.
16:00:27 INFO  : 'psu_ps_pl_reset_config' command is executed.
16:00:27 INFO  : 'catch {psu_protection}' command is executed.
16:00:27 INFO  : Context for processor 'psu_cortexa53_0' is selected.
16:00:27 INFO  : Processor reset is completed for 'psu_cortexa53_0'.
16:00:27 INFO  : The application 'C:/Users/deoch/workspace/TestProject/Debug/TestProject.elf' is downloaded to processor 'psu_cortexa53_0'.
16:00:27 INFO  : 'configparams force-mem-access 0' command is executed.
16:00:27 INFO  : ----------------XSDB Script----------------
connect -url tcp:127.0.0.1:3121
source C:/Xilinx/Vitis/2023.1/scripts/vitis/util/zynqmp_utils.tcl
targets -set -nocase -filter {name =~"APU*"}
rst -system
after 3000
targets -set -nocase -filter {name =~"APU*"}
reset_apu
targets -set -nocase -filter {name =~"RPU*"}
clear_rpu_reset
enable_split_mode
targets -set -nocase -filter {name =~"APU*"}
loadhw -hw C:/Users/deoch/workspace/kv260_ispMipiRx_vcu_DP/export/kv260_ispMipiRx_vcu_DP/hw/kv260_ispMipiRx_vcu_DP.xsa -mem-ranges [list {0x80000000 0xbfffffff} {0x400000000 0x5ffffffff} {0x1000000000 0x7fffffffff}] -regs
configparams force-mem-access 1
targets -set -nocase -filter {name =~"APU*"}
source C:/Users/deoch/workspace/TestProject/_ide/psinit/psu_init.tcl
psu_init
after 1000
psu_ps_pl_isolation_removal
after 1000
psu_ps_pl_reset_config
catch {psu_protection}
targets -set -nocase -filter {name =~ "*A53*#0"}
rst -processor
dow C:/Users/deoch/workspace/TestProject/Debug/TestProject.elf
configparams force-mem-access 0
----------------End of Script----------------

16:00:27 INFO  : Launch script is exported to file 'C:\Users\deoch\workspace\TestProject_system\_ide\scripts\debugger_testproject-default.tcl'
16:10:53 ERROR : (XSDB Server)couldn't read file ":C/Users/deoch/workspace/TestProject/src/stack.tcl": no such file or directory

16:11:23 ERROR : (XSDB Server)couldn't read file ":C/Users/deoch/workspace/TestProject/src/stack.tlc": no such file or directory

16:11:46 ERROR : (XSDB Server)couldn't read file "C:/Users/deoch/workspace/TestProject/src/stack.tcl": no such file or directory

16:12:04 ERROR : (XSDB Server)key "0000000000000d00 0000000000000d50 0000000000000d74" not known in dictionary

16:12:21 ERROR : (XSDB Server)key "0000000000000d00 0000000000000d50 0000000000000d74" not known in dictionary

16:13:19 ERROR : (XSDB Server)key "0000000000000d00 0000000000000d50 0000000000000d74" not known in dictionary

16:15:12 ERROR : (XSDB Server)key "       0:   1400024E" not known in dictionary

16:21:54 ERROR : (XSDB Server)missing value to go with key

16:24:54 ERROR : (XSDB Server)missing value to go with key

16:26:46 ERROR : (XSDB Server)wrong # args: should be "dict set varName key ?key ...? value"

16:27:22 ERROR : (XSDB Server)missing value to go with key

16:27:53 ERROR : (XSDB Server)missing value to go with key

16:51:51 ERROR : (XSDB Server)missing value to go with key

16:52:58 ERROR : (XSDB Server)missing value to go with key

16:53:28 ERROR : (XSDB Server)missing value to go with key

16:53:37 ERROR : (XSDB Server)missing value to go with key

16:54:02 ERROR : (XSDB Server)missing value to go with key

16:54:29 ERROR : (XSDB Server)missing value to go with key

16:54:47 ERROR : (XSDB Server)missing value to go with key

16:54:56 ERROR : (XSDB Server)missing value to go with key

16:55:04 ERROR : (XSDB Server)missing value to go with key

16:56:40 ERROR : (XSDB Server)extra characters after close-brace

16:57:31 ERROR : (XSDB Server)extra characters after close-brace

16:57:39 ERROR : (XSDB Server)extra characters after close-brace

16:57:51 ERROR : (XSDB Server)extra characters after close-brace

16:58:03 ERROR : (XSDB Server)wrong # args: should be "foreach varList list ?varList list ...? command"

16:59:38 ERROR : (XSDB Server)wrong # args: should be "dict for {keyVar valueVar} dictionary script"

17:00:37 ERROR : (XSDB Server)wrong # args: should be "dict for {keyVar valueVar} dictionary script"

17:01:20 ERROR : (XSDB Server)wrong # args: should be "dict for {keyVar valueVar} dictionary script"

17:01:53 ERROR : (XSDB Server)wrong # args: should be "dict for {keyVar valueVar} dictionary script"

17:03:35 ERROR : (XSDB Server)wrong # args: should be "dict for {keyVar valueVar} dictionary script"

17:10:16 ERROR : (XSDB Server)key "       0:   1400024E" not known in dictionary

17:10:39 ERROR : (XSDB Server)key "       0:   1400024E" not known in dictionary

17:11:53 ERROR : (XSDB Server)key "{       0} {   1400024E}" not known in dictionary

17:13:29 ERROR : (XSDB Server)can't read "inputString": no such variable

17:13:42 ERROR : (XSDB Server)key "1400024E" not known in dictionary

17:14:29 ERROR : (XSDB Server)can't read "address": no such variable

17:14:47 ERROR : (XSDB Server)can't read "address": no such variable

17:20:25 ERROR : (XSDB Server)wrong # args: should be "puts ?-nonewline? ?channelId? string"

17:20:58 ERROR : (XSDB Server)key "0:   1400024E" not known in dictionary

17:25:53 ERROR : (XSDB Server)wrong # args: should be "regsub ?switches? exp string subSpec ?varName?"

17:26:28 ERROR : (XSDB Server)can't read "str": no such variable

17:40:14 ERROR : (XSDB Server)can't read "hexValue": no such variable

17:40:22 ERROR : (XSDB Server)key "   1400024E" not known in dictionary

17:42:26 INFO  : Disconnected from the channel tcfchan#4.
17:42:27 INFO  : Connected to target on host '127.0.0.1' and port '3121'.
17:42:46 INFO  : ----------------XSDB Script----------------
connect -url tcp:127.0.0.1:3121
----------------End of Script----------------

17:42:46 ERROR : Could not find ARM device on the board for connection 'Local'.
Check if the target is in:
1. Split JTAG - No operations are possible with ARM DAP.
2. Non JTAG bootmode - Bootrom may need time to enable DAP.
Please try again.


Troubleshooting hints:
1. Check whether board is connected to system properly.
2. In case of zynq board, check whether Digilent/Xilinx cable switch settings are correct.
3. If you are using Xilinx Platform Cable USB, ensure that status LED is green.
17:42:50 INFO  : Checking for BSP changes to sync application flags for project 'TestProject'...
17:44:26 INFO  : Connected to target on host '127.0.0.1' and port '3121'.
17:44:51 INFO  : Jtag cable 'Digilent JTAG-HS3 210299B938DC' is selected.
17:44:51 INFO  : 'jtag frequency' command is executed.
17:44:51 INFO  : Sourcing of 'C:/Xilinx/Vitis/2023.1/scripts/vitis/util/zynqmp_utils.tcl' is done.
17:44:51 INFO  : Context for 'APU' is selected.
17:44:51 INFO  : System reset is completed.
17:44:54 INFO  : 'after 3000' command is executed.
17:44:54 INFO  : Context for 'APU' is selected.
17:44:54 INFO  : Cleared APU and A53 resets
17:44:54 INFO  : Context for 'RPU' is selected.
17:44:57 INFO  : Cleared RPU and R5 resets
17:44:57 INFO  : Split mode is enabled for R5#1
17:44:57 INFO  : Context for 'APU' is selected.
17:44:57 INFO  : Hardware design and registers information is loaded from 'C:/Users/deoch/workspace/kv260_ispMipiRx_vcu_DP/export/kv260_ispMipiRx_vcu_DP/hw/kv260_ispMipiRx_vcu_DP.xsa'.
17:44:57 INFO  : 'configparams force-mem-access 1' command is executed.
17:44:57 INFO  : Context for 'APU' is selected.
17:44:57 INFO  : Sourcing of 'C:/Users/deoch/workspace/TestProject/_ide/psinit/psu_init.tcl' is done.
17:44:58 INFO  : 'psu_init' command is executed.
17:44:59 INFO  : 'after 1000' command is executed.
17:44:59 INFO  : 'psu_ps_pl_isolation_removal' command is executed.
17:45:00 INFO  : 'after 1000' command is executed.
17:45:00 INFO  : 'psu_ps_pl_reset_config' command is executed.
17:45:01 INFO  : 'catch {psu_protection}' command is executed.
17:45:01 INFO  : Context for processor 'psu_cortexa53_0' is selected.
17:45:01 INFO  : Processor reset is completed for 'psu_cortexa53_0'.
17:45:01 INFO  : The application 'C:/Users/deoch/workspace/TestProject/Debug/TestProject.elf' is downloaded to processor 'psu_cortexa53_0'.
17:45:01 INFO  : 'configparams force-mem-access 0' command is executed.
17:45:01 INFO  : ----------------XSDB Script----------------
connect -url tcp:127.0.0.1:3121
source C:/Xilinx/Vitis/2023.1/scripts/vitis/util/zynqmp_utils.tcl
targets -set -nocase -filter {name =~"APU*"}
rst -system
after 3000
targets -set -nocase -filter {name =~"APU*"}
reset_apu
targets -set -nocase -filter {name =~"RPU*"}
clear_rpu_reset
enable_split_mode
targets -set -nocase -filter {name =~"APU*"}
loadhw -hw C:/Users/deoch/workspace/kv260_ispMipiRx_vcu_DP/export/kv260_ispMipiRx_vcu_DP/hw/kv260_ispMipiRx_vcu_DP.xsa -mem-ranges [list {0x80000000 0xbfffffff} {0x400000000 0x5ffffffff} {0x1000000000 0x7fffffffff}] -regs
configparams force-mem-access 1
targets -set -nocase -filter {name =~"APU*"}
source C:/Users/deoch/workspace/TestProject/_ide/psinit/psu_init.tcl
psu_init
after 1000
psu_ps_pl_isolation_removal
after 1000
psu_ps_pl_reset_config
catch {psu_protection}
targets -set -nocase -filter {name =~ "*A53*#0"}
rst -processor
dow C:/Users/deoch/workspace/TestProject/Debug/TestProject.elf
configparams force-mem-access 0
----------------End of Script----------------

17:45:01 INFO  : Launch script is exported to file 'C:\Users\deoch\workspace\TestProject_system\_ide\scripts\debugger_testproject-default.tcl'
17:45:33 INFO  : Disconnected from the channel tcfchan#5.
17:45:34 INFO  : Connected to target on host '127.0.0.1' and port '3121'.
17:45:53 INFO  : ----------------XSDB Script----------------
connect -url tcp:127.0.0.1:3121
----------------End of Script----------------

17:45:53 ERROR : Could not find ARM device on the board for connection 'Local'.
Check if the target is in:
1. Split JTAG - No operations are possible with ARM DAP.
2. Non JTAG bootmode - Bootrom may need time to enable DAP.
Please try again.


Troubleshooting hints:
1. Check whether board is connected to system properly.
2. In case of zynq board, check whether Digilent/Xilinx cable switch settings are correct.
3. If you are using Xilinx Platform Cable USB, ensure that status LED is green.
17:45:59 INFO  : Connected to target on host '127.0.0.1' and port '3121'.
17:46:24 INFO  : Jtag cable 'Digilent JTAG-HS3 210299B938DC' is selected.
17:46:24 INFO  : 'jtag frequency' command is executed.
17:46:24 INFO  : Sourcing of 'C:/Xilinx/Vitis/2023.1/scripts/vitis/util/zynqmp_utils.tcl' is done.
17:46:24 INFO  : Context for 'APU' is selected.
17:46:24 INFO  : System reset is completed.
17:46:27 INFO  : 'after 3000' command is executed.
17:46:27 INFO  : Context for 'APU' is selected.
17:46:27 INFO  : Cleared APU and A53 resets
17:46:27 INFO  : Context for 'RPU' is selected.
17:46:30 INFO  : Cleared RPU and R5 resets
17:46:30 INFO  : Split mode is enabled for R5#1
17:46:30 INFO  : Context for 'APU' is selected.
17:46:30 INFO  : Hardware design and registers information is loaded from 'C:/Users/deoch/workspace/kv260_ispMipiRx_vcu_DP/export/kv260_ispMipiRx_vcu_DP/hw/kv260_ispMipiRx_vcu_DP.xsa'.
17:46:30 INFO  : 'configparams force-mem-access 1' command is executed.
17:46:30 INFO  : Context for 'APU' is selected.
17:46:30 INFO  : Sourcing of 'C:/Users/deoch/workspace/TestProject/_ide/psinit/psu_init.tcl' is done.
17:46:31 INFO  : 'psu_init' command is executed.
17:46:32 INFO  : 'after 1000' command is executed.
17:46:32 INFO  : 'psu_ps_pl_isolation_removal' command is executed.
17:46:33 INFO  : 'after 1000' command is executed.
17:46:33 INFO  : 'psu_ps_pl_reset_config' command is executed.
17:46:33 INFO  : 'catch {psu_protection}' command is executed.
17:46:33 INFO  : Context for processor 'psu_cortexa53_0' is selected.
17:46:33 INFO  : Processor reset is completed for 'psu_cortexa53_0'.
17:46:33 INFO  : The application 'C:/Users/deoch/workspace/TestProject/Debug/TestProject.elf' is downloaded to processor 'psu_cortexa53_0'.
17:46:33 INFO  : 'configparams force-mem-access 0' command is executed.
17:46:33 INFO  : ----------------XSDB Script----------------
connect -url tcp:127.0.0.1:3121
source C:/Xilinx/Vitis/2023.1/scripts/vitis/util/zynqmp_utils.tcl
targets -set -nocase -filter {name =~"APU*"}
rst -system
after 3000
targets -set -nocase -filter {name =~"APU*"}
reset_apu
targets -set -nocase -filter {name =~"RPU*"}
clear_rpu_reset
enable_split_mode
targets -set -nocase -filter {name =~"APU*"}
loadhw -hw C:/Users/deoch/workspace/kv260_ispMipiRx_vcu_DP/export/kv260_ispMipiRx_vcu_DP/hw/kv260_ispMipiRx_vcu_DP.xsa -mem-ranges [list {0x80000000 0xbfffffff} {0x400000000 0x5ffffffff} {0x1000000000 0x7fffffffff}] -regs
configparams force-mem-access 1
targets -set -nocase -filter {name =~"APU*"}
source C:/Users/deoch/workspace/TestProject/_ide/psinit/psu_init.tcl
psu_init
after 1000
psu_ps_pl_isolation_removal
after 1000
psu_ps_pl_reset_config
catch {psu_protection}
targets -set -nocase -filter {name =~ "*A53*#0"}
rst -processor
dow C:/Users/deoch/workspace/TestProject/Debug/TestProject.elf
configparams force-mem-access 0
----------------End of Script----------------

17:46:33 INFO  : Launch script is exported to file 'C:\Users\deoch\workspace\TestProject_system\_ide\scripts\debugger_testproject-default.tcl'
17:49:06 INFO  : Disconnected from the channel tcfchan#6.
17:49:08 INFO  : Connected to target on host '127.0.0.1' and port '3121'.
17:49:26 INFO  : ----------------XSDB Script----------------
connect -url tcp:127.0.0.1:3121
----------------End of Script----------------

17:49:26 ERROR : Could not find ARM device on the board for connection 'Local'.
Check if the target is in:
1. Split JTAG - No operations are possible with ARM DAP.
2. Non JTAG bootmode - Bootrom may need time to enable DAP.
Please try again.


Troubleshooting hints:
1. Check whether board is connected to system properly.
2. In case of zynq board, check whether Digilent/Xilinx cable switch settings are correct.
3. If you are using Xilinx Platform Cable USB, ensure that status LED is green.
17:49:31 INFO  : Connected to target on host '127.0.0.1' and port '3121'.
17:49:56 INFO  : Jtag cable 'Digilent JTAG-HS3 210299B938DC' is selected.
17:49:56 INFO  : 'jtag frequency' command is executed.
17:49:56 INFO  : Sourcing of 'C:/Xilinx/Vitis/2023.1/scripts/vitis/util/zynqmp_utils.tcl' is done.
17:49:56 INFO  : Context for 'APU' is selected.
17:49:56 INFO  : System reset is completed.
17:49:59 INFO  : 'after 3000' command is executed.
17:49:59 INFO  : Context for 'APU' is selected.
17:49:59 INFO  : Cleared APU and A53 resets
17:49:59 INFO  : Context for 'RPU' is selected.
17:50:02 INFO  : Cleared RPU and R5 resets
17:50:02 INFO  : Split mode is enabled for R5#1
17:50:02 INFO  : Context for 'APU' is selected.
17:50:02 INFO  : Hardware design and registers information is loaded from 'C:/Users/deoch/workspace/kv260_ispMipiRx_vcu_DP/export/kv260_ispMipiRx_vcu_DP/hw/kv260_ispMipiRx_vcu_DP.xsa'.
17:50:02 INFO  : 'configparams force-mem-access 1' command is executed.
17:50:02 INFO  : Context for 'APU' is selected.
17:50:02 INFO  : Sourcing of 'C:/Users/deoch/workspace/TestProject/_ide/psinit/psu_init.tcl' is done.
17:50:03 INFO  : 'psu_init' command is executed.
17:50:04 INFO  : 'after 1000' command is executed.
17:50:04 INFO  : 'psu_ps_pl_isolation_removal' command is executed.
17:50:05 INFO  : 'after 1000' command is executed.
17:50:05 INFO  : 'psu_ps_pl_reset_config' command is executed.
17:50:05 INFO  : 'catch {psu_protection}' command is executed.
17:50:05 INFO  : Context for processor 'psu_cortexa53_0' is selected.
17:50:05 INFO  : Processor reset is completed for 'psu_cortexa53_0'.
17:50:06 INFO  : The application 'C:/Users/deoch/workspace/TestProject/Debug/TestProject.elf' is downloaded to processor 'psu_cortexa53_0'.
17:50:06 INFO  : 'configparams force-mem-access 0' command is executed.
17:50:06 INFO  : ----------------XSDB Script----------------
connect -url tcp:127.0.0.1:3121
source C:/Xilinx/Vitis/2023.1/scripts/vitis/util/zynqmp_utils.tcl
targets -set -nocase -filter {name =~"APU*"}
rst -system
after 3000
targets -set -nocase -filter {name =~"APU*"}
reset_apu
targets -set -nocase -filter {name =~"RPU*"}
clear_rpu_reset
enable_split_mode
targets -set -nocase -filter {name =~"APU*"}
loadhw -hw C:/Users/deoch/workspace/kv260_ispMipiRx_vcu_DP/export/kv260_ispMipiRx_vcu_DP/hw/kv260_ispMipiRx_vcu_DP.xsa -mem-ranges [list {0x80000000 0xbfffffff} {0x400000000 0x5ffffffff} {0x1000000000 0x7fffffffff}] -regs
configparams force-mem-access 1
targets -set -nocase -filter {name =~"APU*"}
source C:/Users/deoch/workspace/TestProject/_ide/psinit/psu_init.tcl
psu_init
after 1000
psu_ps_pl_isolation_removal
after 1000
psu_ps_pl_reset_config
catch {psu_protection}
targets -set -nocase -filter {name =~ "*A53*#0"}
rst -processor
dow C:/Users/deoch/workspace/TestProject/Debug/TestProject.elf
configparams force-mem-access 0
----------------End of Script----------------

17:50:06 INFO  : Launch script is exported to file 'C:\Users\deoch\workspace\TestProject_system\_ide\scripts\debugger_testproject-default.tcl'
17:55:23 INFO  : Disconnected from the channel tcfchan#7.
